<testsuites name="jest tests" tests="9" failures="0" time="224.034">
  <testsuite name="RotateFlipTestSuite_V3" errors="0" failures="0" skipped="0" timestamp="2021-01-02T20:30:15" time="74.824" tests="3">
    <testcase classname="RotateFlipTestSuite_V3 postRotateFlipDrawingTest: saveResultToStorage - true, op - RotateNoneFlipNone" name="RotateFlipTestSuite_V3 postRotateFlipDrawingTest: saveResultToStorage - true, op - RotateNoneFlipNone" time="38.051">
    </testcase>
    <testcase classname="RotateFlipTestSuite_V3 getRotateFlipDrawingTest: saveResultToStorage - false, op - Rotate90FlipX" name="RotateFlipTestSuite_V3 getRotateFlipDrawingTest: saveResultToStorage - false, op - Rotate90FlipX" time="10.239">
    </testcase>
    <testcase classname="RotateFlipTestSuite_V3 postRotateFlipDrawingTest: saveResultToStorage - false, op - Rotate90FlipX" name="RotateFlipTestSuite_V3 postRotateFlipDrawingTest: saveResultToStorage - false, op - Rotate90FlipX" time="16.577">
    </testcase>
  </testsuite>
  <testsuite name="ResizeTestSuite_V3" errors="0" failures="0" skipped="0" timestamp="2021-01-02T20:31:30" time="80.367" tests="3">
    <testcase classname="ResizeTestSuite_V3 postResizeDrawingTest: saveResultToStorage - true, width - 640, height - 480" name="ResizeTestSuite_V3 postResizeDrawingTest: saveResultToStorage - true, width - 640, height - 480" time="37.76">
    </testcase>
    <testcase classname="ResizeTestSuite_V3 getResizeDrawingTest: saveResultToStorage - false, width - 1024, height = 768" name="ResizeTestSuite_V3 getResizeDrawingTest: saveResultToStorage - false, width - 1024, height = 768" time="16.456">
    </testcase>
    <testcase classname="ResizeTestSuite_V3 postResizeDrawingTest: saveResultToStorage - false, width - 1024, height - 768" name="ResizeTestSuite_V3 postResizeDrawingTest: saveResultToStorage - false, width - 1024, height - 768" time="20.843">
    </testcase>
  </testsuite>
  <testsuite name="SaveAsTestSuite_V3" errors="0" failures="0" skipped="0" timestamp="2021-01-02T20:32:50" time="68.212" tests="3">
    <testcase classname="SaveAsTestSuite_V3 postSaveDrawingAsTest: saveResultToStorage - true" name="SaveAsTestSuite_V3 postSaveDrawingAsTest: saveResultToStorage - true" time="37.713">
    </testcase>
    <testcase classname="SaveAsTestSuite_V3 getSaveDrawingAsTest: saveResultToStorage - false" name="SaveAsTestSuite_V3 getSaveDrawingAsTest: saveResultToStorage - false" time="9.86">
    </testcase>
    <testcase classname="SaveAsTestSuite_V3 postSaveDrawingAsTest: saveResultToStorage - false" name="SaveAsTestSuite_V3 postSaveDrawingAsTest: saveResultToStorage - false" time="15.765">
    </testcase>
  </testsuite>
</testsuites>